<?xml version="1.0" encoding="UTF-8"?>
<robot generator="Robot 5.0.1 (Python 3.10.5 on win32)" generated="20220929 23:21:48.499" rpa="false" schemaversion="3">
<suite id="s1" name="Searching" source="D:\autotesting\UI_Automation\testsuites\searching.robot">
<kw name="Start TestCase" library="common" type="SETUP">
<kw name="Open Browser" library="SeleniumLibrary">
<arg>${url}</arg>
<arg>${browser}</arg>
<doc>Opens a new browser instance to the optional ``url``.</doc>
<msg timestamp="20220929 23:21:48.714" level="INFO">Opening browser 'firefox' to base url 'https://www.service.nsw.gov.au/'.</msg>
<msg timestamp="20220929 23:21:48.716" level="INFO">Firefox driver log is always forced to to: D:\autotesting\UI_Automation\testsuites\geckodriver-1.log</msg>
<status status="PASS" starttime="20220929 23:21:48.714" endtime="20220929 23:22:06.539"/>
</kw>
<kw name="Maximize Browser Window" library="SeleniumLibrary">
<doc>Maximizes current browser window.</doc>
<status status="PASS" starttime="20220929 23:22:06.539" endtime="20220929 23:22:06.544"/>
</kw>
<status status="PASS" starttime="20220929 23:21:48.713" endtime="20220929 23:22:06.544"/>
</kw>
<test id="s1-t1" name="Perform Searching Page" line="11">
<kw name="Maximize Browser Window" library="SeleniumLibrary">
<doc>Maximizes current browser window.</doc>
<status status="PASS" starttime="20220929 23:22:06.546" endtime="20220929 23:22:06.554"/>
</kw>
<kw name="Perform Search" library="searchperform">
<kw name="Input Text" library="SeleniumLibrary">
<arg>${txt_search}</arg>
<arg>Apply for a number plate</arg>
<doc>Types the given ``text`` into the text field identified by ``locator``.</doc>
<msg timestamp="20220929 23:22:06.581" level="INFO">Typing text 'Apply for a number plate' into text field '(//input[@aria-controls='homeautosuggestWw-goykkslYList'])[1]'.</msg>
<status status="PASS" starttime="20220929 23:22:06.580" endtime="20220929 23:22:06.716"/>
</kw>
<status status="PASS" starttime="20220929 23:22:06.579" endtime="20220929 23:22:06.716"/>
</kw>
<kw name="Click Element" library="SeleniumLibrary">
<arg>${btn_search}</arg>
<doc>Click the element identified by ``locator``.</doc>
<msg timestamp="20220929 23:22:06.718" level="INFO">Clicking element '//div[@data-personalisation-type='default']//button[@aria-label='Search']'.</msg>
<status status="PASS" starttime="20220929 23:22:06.717" endtime="20220929 23:22:09.477"/>
</kw>
<kw name="Validate the navigation to appropriate page" library="searchperform">
<kw name="Element Should Be Visible" library="SeleniumLibrary">
<arg>${page_title}</arg>
<doc>Verifies that the element identified by ``locator`` is visible.</doc>
<msg timestamp="20220929 23:22:09.942" level="INFO">Element '(//h1[normalize-space()='Search'])[1]' is displayed.</msg>
<status status="PASS" starttime="20220929 23:22:09.480" endtime="20220929 23:22:09.942"/>
</kw>
<status status="PASS" starttime="20220929 23:22:09.479" endtime="20220929 23:22:09.943"/>
</kw>
<doc>User should be able to navigation appropriate page</doc>
<tag>Searching</tag>
<status status="PASS" starttime="20220929 23:22:06.544" endtime="20220929 23:22:09.943"/>
</test>
<kw name="Finish TestCase" library="common" type="TEARDOWN">
<kw name="Close Browser" library="SeleniumLibrary">
<doc>Closes the current browser.</doc>
<status status="PASS" starttime="20220929 23:22:09.946" endtime="20220929 23:22:11.700"/>
</kw>
<status status="PASS" starttime="20220929 23:22:09.945" endtime="20220929 23:22:11.700"/>
</kw>
<status status="PASS" starttime="20220929 23:21:48.500" endtime="20220929 23:22:11.700"/>
</suite>
<statistics>
<total>
<stat pass="1" fail="0" skip="0">All Tests</stat>
</total>
<tag>
<stat pass="1" fail="0" skip="0">Searching</stat>
</tag>
<suite>
<stat pass="1" fail="0" skip="0" id="s1" name="Searching">Searching</stat>
</suite>
</statistics>
<errors>
</errors>
</robot>
